<?xml version="1.0" encoding="UTF-8"?>
<!-- Generated by org.testng.reporters.JUnitReportReporter -->
<testsuite hostname="LAPTOP-E9R14I3O" failures="0" tests="1" name="com.rithik.D7.D7T1" time="0.024" errors="0" timestamp="2023-05-02T20:51:12 IST" skipped="0">
  <testcase classname="com.rithik.D7.D7T1" name="f" time="0.024"/>
  <system-out/>
</testsuite> <!-- com.rithik.D7.D7T1 -->
