<?xml version="1.0" encoding="UTF-8"?>
<!-- Generated by org.testng.reporters.JUnitReportReporter -->
<testsuite hostname="LAPTOP-E9R14I3O" failures="0" tests="4" name="com.rithik.D7.D7T2" time="0.018" errors="0" timestamp="2023-05-02T20:51:35 IST" skipped="0">
  <testcase classname="com.rithik.D7.D7T2" name="add" time="0.014"/>
  <system-out/>
  <testcase classname="com.rithik.D7.D7T2" name="sub" time="0.001"/>
  <system-out/>
  <testcase classname="com.rithik.D7.D7T2" name="mul" time="0.002"/>
  <system-out/>
  <testcase classname="com.rithik.D7.D7T2" name="div" time="0.001"/>
  <system-out/>
</testsuite> <!-- com.rithik.D7.D7T2 -->
